Foot and Ankle Basics                    |                    Foot and Ankle Basics
Home                    |                    Home
Foot And Ankle Anatomy                    |                    Foot And Ankle Anatomy
Muscles and Tendons of the Foot and Ankle                    |                    Muscles and Tendons of the Foot and Ankle
Feedback Landing                    |                    Feedback Landing
Bones of the Foot and Ankle                    |                    Bones of the Foot and Ankle
Bones and Joints of the Foot and Ankle Overview                    |                    Bones and Joints of the Foot and Ankle Overview
Joints of the Foot and Ankle                    |                    Joints of the Foot and Ankle
Ligaments of the Foot and Ankle                    |                    Ligaments of the Foot and Ankle
Biomechanics of the Foot and Ankle                    |                    Biomechanics of the Foot and Ankle
Biomechanics of Walking (Gait)                    |                    Biomechanics of Walking 
Equinus Contractures                    |                    Equinus Contractures
Evolution of the Human Foot                    |                    Evolution of the Human Foot
Foot Types                    |                    Foot Types
Characteristics of a Flat Foot                    |                    Characteristics of a Flat Foot
Characteristics of a High Arched Foot (Subtle Cavus)                    |                    Characteristics of a High Arched Foot 
Glossary of Foot and Ankle Terms                    |                    Glossary of Foot and Ankle Terms
Foot and Ankle Patient Education Handouts                    |                    Foot and Ankle Patient Education Handouts
Physical Therapy                    |                    Physical Therapy
Aggressive Athletic Rehab for Achilles Tendon                    |                    Aggressive Athletic Rehab for Achilles Tendon
Calf Stretch                    |                    Calf Stretch
Double Leg Heel Rises                    |                    Double Leg Heel Rises
Figure of Eight Exercises                    |                    Figure of Eight Exercises
Heel-to-Heel Inversion                    |                    Heel
Resisted Inversion                    |                    Resisted Inversion
Message Delivery                    |                    Message Delivery
Surgical Complications                    |                    Surgical Complications
Non-Operative Protocol for Flatfoot Deformity                    |                    Non
Plantar Fascia Specific Stretch                    |                    Plantar Fascia Specific Stretch
Proprioception Exercises                    |                    Proprioception Exercises
Resisted Eversion                    |                    Resisted Eversion
Scar Massage                    |                    Scar Massage
Toe Flexibility Exercises                    |                    Toe Flexibility Exercises
Foot and Ankle Medical Supplies                    |                    Foot and Ankle Medical Supplies
Ankle Foot Orthosis (AFO)                    |                    Ankle Foot Orthosis 
Ankle Taping                    |                    Ankle Taping
Cam Walker (Walking Boot)                    |                    Cam Walker 
Canes                    |                    Canes
Crutches                    |                    Crutches
Knee Walker                    |                    Knee Walker
Metatarsal Pads                    |                    Metatarsal Pads
Pre-Fabricated (Over-the-counter) Orthotics Insert                    |                    Pre
Non-Operative Treatment                    |                    Non
Acetaminophen                    |                    Acetaminophen
Activity Modification                    |                    Activity Modification
Comfort Shoes                    |                    Comfort Shoes
Corticosteroid Injections                    |                    Corticosteroid Injections
Glucosamine Sulfate                    |                    Glucosamine Sulfate
Non-Steroidal Anti-Inflammatory Drugs (NSAIDs)                    |                    Non
PRP (Plasma Rich Protein) Injections                    |                    PRP 
Viscosupplementation                    |                    Viscosupplementation
Weight Loss                    |                    Weight Loss
Post Surgical Issues                    |                    Post Surgical Issues
Pain Control Post-Surgery                    |                    Pain Control Post
Foot And Ankle Conditions                    |                    Foot And Ankle Conditions
Accessory Navicular Bone (Os Naviculare)                    |                    Accessory Navicular Bone 
Achilles Tendon Rupture                    |                    Achilles Tendon Rupture
Achilles Tendonitis - Non insertional                    |                    Achilles Tendonitis 
Acquired Adult Flatfoot Deformity (Posterior Tibial Tendon Dysfunction)                    |                    Acquired Adult Flatfoot Deformity 
Ankle Arthritis                    |                    Ankle Arthritis
Ankle Fracture                    |                    Ankle Fracture
Stable Ankle Fracture                    |                    Stable Ankle Fracture
Unstable Ankle Fracture                    |                    Unstable Ankle Fracture
Anterior Ankle Impingement                    |                    Anterior Ankle Impingement
Ankle Instability                    |                    Ankle Instability
Sprained Ankle (Ankle Sprain)                    |                    Sprained Ankle 
Anterolateral Ankle Impingement                    |                    Anterolateral Ankle Impingement
Bunionette                    |                    Bunionette
Calcaneal (Calcaneus) Fracture                    |                    Calcaneal 
Calf Muscle Tear (Gastrocnemius Tear)                    |                    Calf Muscle Tear 
Charcot-Marie Tooth Disease (CMT) Foot Deformities                    |                    Charcot
Claw Toes (Also: Hammer Toes)                    |                    Claw Toes 
Clubfoot Deformity (Talipes Equinovarus)                    |                    Clubfoot Deformity 
Dancer's Fracture (5th Metatarsal Avulsion Fracture)                    |                    Dancer
Diabetes                    |                    Diabetes
Diabetic Charcot Arthropathy                    |                    Diabetic Charcot Arthropathy
Diabetic Ulcer                    |                    Diabetic Ulcer
Drop Foot (Aka Foot Drop)                    |                    Drop Foot 
Patient Information Messenger                    |                    Patient Information Messenger
Flexible Flatfeet (Pediatric Flatfoot)                    |                    Flexible Flatfeet 
Ganglion Cysts                    |                    Ganglion Cysts
Gout (Podagra)                    |                    Gout 
Hallux Rigidus (aka Hallux Limitus)                    |                    Hallux Rigidus 
Bunions (Hallux Valgus)                    |                    Bunions 
Jones Fracture (5th Metatarsal Stress Fracture)                    |                    Jones Fracture 
Midfoot Sprain Versus Lisfranc Injury (Midfoot Dislocation +/- Fracture)                    |                    Midfoot Sprain Versus Lisfranc Injury 
Metatarsalgia                    |                    Metatarsalgia
Midfoot Arthritis                    |                    Midfoot Arthritis
Morton's Neuroma                    |                    Morton
Navicular Stress Fracture                    |                    Navicular Stress Fracture
Osteochondral Lesion of the Talus (OLT) (aka Talar OCDs or Talar OCLs)                    |                    Osteochondral Lesion of the Talus 
Peroneal Tendonitis - Peroneal Tear                    |                    Peroneal Tendonitis 
Plantar Fasciitis                    |                    Plantar Fasciitis
Posterior Heel Pain ( Also: Retrocalcaneal Bursitis, Haglund's Deformity, Insertional Achilles Tendinitis)                    |                    Posterior Heel Pain 
Rheumatoid Arthritis                    |                    Rheumatoid Arthritis
Rheumatoid Arthritis - Talonavicular Joint                    |                    Rheumatoid Arthritis 
Rheumatoid Forefoot Deformity                    |                    Rheumatoid Forefoot Deformity
Sesamoiditis                    |                    Sesamoiditis
Shin Splints (Tibial Periostitis)                    |                    Shin Splints 
Stress Fractures                    |                    Stress Fractures
Subtalar Arthritis                    |                    Subtalar Arthritis
Talar Neck Fracture (aka Aviator Astralgus)                    |                    Talar Neck Fracture 
Tarsal Coalition                    |                    Tarsal Coalition
Tarsal Tunnel Syndrome                    |                    Tarsal Tunnel Syndrome
Toe Fractures                    |                    Toe Fractures
Surgical Procedures                    |                    Surgical Procedures
1st Metatarsal Phalangeal (MTP) Joint Replacement  (Arthroplasty)                    |                    
Great Toe Cheilectomy (Bone Spur Removal)                    |                    Great Toe Cheilectomy 
5th Metatarsal Rotational Osteotomy for Bunionette                    |                    
Achilles Tendon Repair                    |                    Achilles Tendon Repair
Ankle Arthroscopy                    |                    Ankle Arthroscopy
Ankle Fracture Surgery                    |                    Ankle Fracture Surgery
Ankle Fusion (Ankle Arthrodesis)                    |                    Ankle Fusion 
Ankle Arthroplasty (Ankle Replacement)                    |                    Ankle Arthroplasty 
Bunion (Hallux Valgus) Procedures (Bunionectomy)                    |                    Bunion 
Chevron Osteotomy (Distal) for Hallux Vallgus (Bunion)                    |                    Chevron Osteotomy 
Great Toe Fusion (1st MTP Joint Fusion)                    |                    Great Toe Fusion 
Lapidus Procedure For Hallux Valgus (Bunion) Correction                    |                    Lapidus Procedure For Hallux Valgus 
Proximal Metatarsal Osteotomy for Bunion (Hallux Valgus) Correction                    |                    Proximal Metatarsal Osteotomy for Bunion 
Calcaneal Osteotomy                    |                    Calcaneal Osteotomy
Dorsiflexing 1st Metatarsal Osteotomy                    |                    Dorsiflexing 
Foot Fracture Surgeries                    |                    Foot Fracture Surgeries
Calcaneal Fracture ORIF                    |                    Calcaneal Fracture ORIF
Lisfranc Fracture ORIF                    |                    Lisfranc Fracture ORIF
Pilon Fracture ORIF                    |                    Pilon Fracture ORIF
Talar Neck Fracture ORIF                    |                    Talar Neck Fracture ORIF
Gastrocnemius Slide (Strayer Procedure)                    |                    Gastrocnemius Slide 
Haglund Debridement (Retrocalcaneal Bursa Debridement)                    |                    Haglund Debridement 
Lateral Ankle Ligament Repair/Reconstruction (Broström Procedure)                    |                    Lateral Ankle Ligament Repair
Lateral Column Lengthening                    |                    Lateral Column Lengthening
Lateral Ligament Reconstruction With Tendon Graft                    |                    Lateral Ligament Reconstruction With Tendon Graft
Midfoot Fusion                    |                    Midfoot Fusion
Osteochondral Autologous Autograft (OATs Procedure)                    |                    Osteochondral Autologous Autograft 
Subtalar Fusion (Arthrodesis)                    |                    Subtalar Fusion 
Talar OCL Procedures                    |                    Talar OCL Procedures
Arthroscopic Debridement and Microfracture of Talar OCL                    |                    Arthroscopic Debridement and Microfracture of Talar OCL
Tendon Transfers                    |                    Tendon Transfers
Flexor Digitorum Longus (FDL) Tendon Transfer to Posterior Tibial Tendon                    |                    Flexor Digitorum Longus 
Flexor Hallucis Longus (FHL) Tendon Transfer to the Achilles Tendon                    |                    Flexor Hallucis Longus 
Posterior Tibial Tendon Transfer to the Dorsal Foot                    |                    Posterior Tibial Tendon Transfer to the Dorsal Foot
FAQ                    |                    FAQ
Am I likely to get a Pulmonary Embolism?                    |                    Am I likely to get a Pulmonary Embolism
Can I run after major foot surgery?                    |                    Can I run after major foot surgery
How do I fit a metatarsal pad?                    |                    How do I fit a metatarsal pad
Preparing for Foot Surgery! What should I do?                    |                    Preparing for Foot Surgery
What type of physical exercise can I do after major foot surgery?                    |                    What type of physical exercise can I do after major foot surgery
Resources                    |                    Resources
Disclaimer                    |                    Disclaimer
Editors                    |                    Editors
Anthony Van Bergeyk, MD - Editor                    |                    Anthony Van Bergeyk
Benedict F. DiGiovanni, MD - Editor                    |                    Benedict F
Christopher W. DiGiovanni, MD - Editor                    |                    Christopher W
Gwyneth deVries, MD FRCSC - Editor                    |                    Gwyneth deVries
Jean Brilhault, MD - Editor                    |                    Jean Brilhault
Kenneth J. Hunt, MD - Editor                    |                    Kenneth J
Matthew Buchanan, MD - Editor                    |                    Matthew Buchanan
Michael Castro, DO - Editor                    |                    Michael Castro
Michael Shereff, MD - Editor                    |                    Michael Shereff
Patrick O'Connor, MD - Editor                    |                    Patrick O
Paul Juliano, MD - Editor                    |                    Paul Juliano
Robert Dehne, MD - Editor                    |                    Robert Dehne
Stephen Pinney, MD - Editor in Chief                    |                    Stephen Pinney
Steven Neufeld, MD - Editor                    |                    Steven Neufeld
Timothy Charlton, MD - Editor                    |                    Timothy Charlton
Vinod K. Panchbhavi, MD - Editor                    |                    Vinod K
Ligaments of the Foot and Ankle Overview                    |                    Ligaments of the Foot and Ankle Overview
Prefabricated (Over-the-Counter) Orthotics versus Custom Orthotics                    |                    Prefabricated 
Body Mass Index (BMI)                    |                    Body Mass Index 
Acute Conditions                    |                    Acute Conditions
5th Metatarsal Base Fractures                    |                    
Chronic Conditions                    |                    Chronic Conditions
Rheumatoid Arthritis of the Hindfoot                    |                    Rheumatoid Arthritis of the Hindfoot
Rheumatoid Arthritis of the Forefoot                    |                    Rheumatoid Arthritis of the Forefoot
Pilon Fracture (Tibia Plafond Fracture)                    |                    Pilon Fracture 
Triple Arthrodesis                    |                    Triple Arthrodesis
Foot Patient Experiences                    |                    Foot Patient Experiences
Hr Codes                    |                    Hr Codes
Proximal Tibial Bone Graft Harvest                    |                    Proximal Tibial Bone Graft Harvest
Turf Toe                    |                    Turf Toe
Lance Silverman, MD - Editor                    |                    Lance Silverman
Patient Resources                    |                    Patient Resources
Physician Resources                    |                    Physician Resources
Plantar Fibroma                    |                    Plantar Fibroma
Ankle Lacers                    |                    Ankle Lacers
Bone Graft Harvest                    |                    Bone Graft Harvest
Below Knee Amputation                    |                    Below Knee Amputation
I have heel pain after major foot surgery. Is this normal?                    |                    I have heel pain after major foot surgery
Below-Knee Prosthesis                    |                    Below
Ertl Procedure (Tibiofibular Osteosynthesis)                    |                    Ertl Procedure 
SCARF Osteotomy                    |                    SCARF Osteotomy
Email Page                    |                    Email Page
High Ankle Sprain                    |                    High Ankle Sprain
Print Page                    |                    Print Page
Metatarsal Shaft Fractures                    |                    Metatarsal Shaft Fractures
Painful Hardware                    |                    Painful Hardware
Plantar Fascia Rupture                    |                    Plantar Fascia Rupture
Lateral Talar Process Fractures                    |                    Lateral Talar Process Fractures
5th Metatarsal Neck Fracture                    |                    
Corns                    |                    Corns
Lateral Column Overload                    |                    Lateral Column Overload
Plantar Warts                    |                    Plantar Warts
Overload Heel Pain Syndrome                    |                    Overload Heel Pain Syndrome
Sesamoid Stress Fractures                    |                    Sesamoid Stress Fractures
2nd Metatarsal Stress Fractures or &quot;March Fracture&quot;                    |                    
Posterior Ankle Impingement (Os Trigonum Syndrome)                    |                    Posterior Ankle Impingement 
Robert Dehne, MD- Editor                    |                    Robert Dehne
Robert Leland, MD - Editor                    |                    Robert Leland
Endoscopic Partial Plantar Fasciotomy                    |                    Endoscopic Partial Plantar Fasciotomy
Anterior Process Fracture of the Calcaneus                    |                    Anterior Process Fracture of the Calcaneus
Claw Toe Correction                    |                    Claw Toe Correction
Extensor Tendon Lengthening for Clawtoe Correction                    |                    Extensor Tendon Lengthening for Clawtoe Correction
Flexor to Extensor Transfer for Clawtoe Deformity Correction (Girdlestone-Taylor procedure)                    |                    Flexor to Extensor Transfer for Clawtoe Deformity Correction 
Ingrown Toenails                    |                    Ingrown Toenails
MTP Joint Capsule Release for Clawtoe Deformity                    |                    MTP Joint Capsule Release for Clawtoe Deformity
John Early, MD                    |                    John Early
Dave Townshend, MBBS FRCS(Orth)                    |                    Dave Townshend
Mark Perry, MD                    |                    Mark Perry
Compartment Syndrome of the Foot                    |                    Compartment Syndrome of the Foot
PIP (Proximal Interphalangeal) Joint Fusion                    |                    PIP 
Sinus Tarsi Syndrome                    |                    Sinus Tarsi Syndrome
Chronic Peroneal Tendon Subluxation                    |                    Chronic Peroneal Tendon Subluxation
Toenail Fungal Infection (toenail fungus or onychomycosis)                    |                    Toenail Fungal Infection 
Sural Neuritis (Also: Sural Neuralgia)                    |                    Sural Neuritis 
Tarsal Boss                    |                    Tarsal Boss
Anterior Tibial Tendonitis (aka Tibialis Anterior Tendonitis)                    |                    Anterior Tibial Tendonitis 
Rheumatoid Hindfoot Arthritis                    |                    Rheumatoid Hindfoot Arthritis
Talar Body Fracture                    |                    Talar Body Fracture
Partial Plantar Fasciectomy                    |                    Partial Plantar Fasciectomy
Kohler’s Disease (Navicular Avascular Necrosis in Children)                    |                    Kohler
Peroneus Longus to Brevis Transfer                    |                    Peroneus Longus to Brevis Transfer
Pilon Fracture (Tibial Plafond Fracture)                    |                    Pilon Fracture 
Lateral Process Fracture of the Talus                    |                    Lateral Process Fracture of the Talus
Jones Fracture ORIF                    |                    Jones Fracture ORIF
Ludloff Procedure ( Bunion Surgery)                    |                    Ludloff Procedure 
Percutaneous Achilles Tendon Lengthening                    |                    Percutaneous Achilles Tendon Lengthening
Naviculocuneiform Joint Fusion (Arthrodesis)                    |                    Naviculocuneiform Joint Fusion 
Peroneus Longus to Achilles Transfer                    |                    Peroneus Longus to Achilles Transfer
Compartment Syndrome of the Lower Leg (Exercise Induced)                    |                    Compartment Syndrome of the Lower Leg 
Compartment Syndrome of the Lower Leg (Acute)                    |                    Compartment Syndrome of the Lower Leg 
Evans Procedure                    |                    Evans Procedure
Extensor Substitutions                    |                    Extensor Substitutions
Extracorporeal Shockwave Therapy (ESWT) For Treatment Of Plantar Fasciitis                    |                    Extracorporeal Shockwave Therapy 
Flexor Hallucis Longus Tendon Transfer to the Peroneus Brevis                    |                    Flexor Hallucis Longus Tendon Transfer to the Peroneus Brevis
Sam Dellenbaugh, MD- Editor                    |                    Sam Dellenbaugh
An Ankle Cheilectomy                    |                    An Ankle Cheilectomy
Ganglion Cyst Removal (Resection)                    |                    Ganglion Cyst Removal 
Great Toe Medial Capsulorraphy (1st MTP)                    |                    Great Toe Medial Capsulorraphy 
Cresentic Osteotomy Bunion Correction                    |                    Cresentic Osteotomy Bunion Correction
Flexor Tendon Release for Claw Toes                    |                    Flexor Tendon Release for Claw Toes
Sever's Disease (Calcaneal Apophysitis)                    |                    Sever
Weil Metatarsal Shortening Osteotomy                    |                    Weil Metatarsal Shortening Osteotomy
Freiberg's Disease (Freiberg’s infarction)                    |                    Freiberg
Pump Bumps                    |                    Pump Bumps
Acute Peroneal Tendon Subluxation                    |                    Acute Peroneal Tendon Subluxation
Jones Procedure - Clawed Great Toe Correction                    |                    Jones Procedure 
Marcus Coe MD, MS- Editor                    |                    Marcus Coe MD
Daniel Guss, MD, M.B.A.                    |                    Daniel Guss
MaCalus V. Hogan, MD                    |                    MaCalus V
Minimally Invasive Foot Surgery - MIS                    |                    Minimally Invasive Foot Surgery 
Sarang Desai, DO - Editor                    |                    Sarang Desai
Haley Merrill, MD                    |                    Haley Merrill
Subungal Hematoma (Bleeding under the toenail, Runner’s Toe)                    |                    Subungal Hematoma 
Blog                    |                    Blog
Justin Greisberg, MD - Editor                    |                    Justin Greisberg
Michael Salamon, MD - Editor                    |                    Michael Salamon
Hossein Pakzad, MD                    |                    Hossein Pakzad
Peter Stavrou, MD - Editor                    |                    Peter Stavrou
Judith Smith, MD- Editor                    |                    Judith Smith
Off Loading                    |                    Off Loading
Proximal Chevron Osteotomy Bunion Correction                    |                    Proximal Chevron Osteotomy Bunion Correction
Daniel Cuttica, DO -Editor                    |                    Daniel Cuttica
Videos                    |                    Videos
